{"level":"info","message":"Server is running on port 3000","timestamp":"2025-06-24T14:14:05.123Z"}
{"level":"info","message":"MongoDB connected successfully","timestamp":"2025-06-24T14:14:06.357Z"}
{"level":"info","message":"GET / 200 46 - 3.055 ms","timestamp":"2025-06-24T14:14:37.679Z"}
{"level":"info","message":"GET /favicon.ico 404 150 - 1.672 ms","timestamp":"2025-06-24T14:14:40.761Z"}
{"level":"info","message":"Server is running on port 3000","timestamp":"2025-06-24T14:15:30.747Z"}
{"level":"info","message":"MongoDB connected successfully","timestamp":"2025-06-24T14:15:32.070Z"}
{"level":"info","message":"GET / 200 54 - 3.146 ms","timestamp":"2025-06-24T14:15:32.671Z"}
{"level":"info","message":"Server is running on port 3000","timestamp":"2025-06-24T14:15:46.552Z"}
{"level":"info","message":"MongoDB connected successfully","timestamp":"2025-06-24T14:15:47.727Z"}
{"level":"info","message":"Server is running on port 3000","timestamp":"2025-06-24T14:15:51.711Z"}
{"level":"info","message":"MongoDB connected successfully","timestamp":"2025-06-24T14:15:52.891Z"}
{"level":"info","message":"Server is running on port 3000","timestamp":"2025-06-24T14:16:37.677Z"}
{"level":"info","message":"MongoDB connected successfully","timestamp":"2025-06-24T14:16:38.916Z"}
{"level":"info","message":"Server is running on port 3000","timestamp":"2025-06-24T14:22:28.384Z"}
{"level":"info","message":"MongoDB connected successfully","timestamp":"2025-06-24T14:22:29.770Z"}
{"level":"info","message":"Server is running on port 3000","timestamp":"2025-06-24T14:22:39.876Z"}
{"level":"info","message":"MongoDB connected successfully","timestamp":"2025-06-24T14:22:41.048Z"}
{"level":"info","message":"GET / 304 - - 2.305 ms","timestamp":"2025-06-24T14:22:45.964Z"}
{"level":"info","message":"Server is running on port 3000","timestamp":"2025-06-24T14:33:53.818Z"}
{"level":"info","message":"MongoDB connected successfully","timestamp":"2025-06-24T14:33:55.288Z"}
{"level":"info","message":"Server is running on port 3000","timestamp":"2025-06-24T14:34:05.978Z"}
{"level":"info","message":"MongoDB connected successfully","timestamp":"2025-06-24T14:34:07.145Z"}
{"level":"info","message":"Server is running on port 3000","timestamp":"2025-06-24T14:36:16.649Z"}
{"level":"info","message":"MongoDB connected successfully","timestamp":"2025-06-24T14:36:18.022Z"}
{"level":"info","message":"Server is running on port 3000","timestamp":"2025-06-24T14:44:25.655Z"}
{"level":"info","message":"MongoDB connected successfully","timestamp":"2025-06-24T14:44:27.528Z"}
{"level":"info","message":"Server is running on port 3000","timestamp":"2025-06-24T14:44:35.538Z"}
{"level":"info","message":"MongoDB connected successfully","timestamp":"2025-06-24T14:44:36.727Z"}
{"level":"info","message":"Server is running on port 3000","timestamp":"2025-06-24T14:45:35.329Z"}
{"level":"info","message":"MongoDB connected successfully","timestamp":"2025-06-24T14:45:36.525Z"}
{"level":"info","message":"Server is running on port 3000","timestamp":"2025-06-24T14:51:17.984Z"}
{"level":"info","message":"MongoDB connected successfully","timestamp":"2025-06-24T14:51:19.234Z"}
{"level":"info","message":"Server is running on port 3000","timestamp":"2025-06-24T14:51:40.645Z"}
{"level":"info","message":"MongoDB connected successfully","timestamp":"2025-06-24T14:51:41.814Z"}
{"level":"info","message":"Server is running on port 3000","timestamp":"2025-06-24T14:55:25.465Z"}
{"level":"info","message":"MongoDB connected successfully","timestamp":"2025-06-24T14:55:26.821Z"}
{"level":"info","message":"Server is running on port 3000","timestamp":"2025-06-24T14:55:34.085Z"}
{"level":"info","message":"MongoDB connected successfully","timestamp":"2025-06-24T14:55:35.268Z"}
{"level":"info","message":"Server is running on port 3000","timestamp":"2025-06-24T14:57:31.456Z"}
{"level":"info","message":"MongoDB connected successfully","timestamp":"2025-06-24T14:57:32.748Z"}
{"level":"info","message":"Server is running on port 3000","timestamp":"2025-06-24T14:59:27.029Z"}
{"level":"info","message":"MongoDB connected successfully","timestamp":"2025-06-24T14:59:28.270Z"}
{"level":"info","message":"Server is running on port 3000","timestamp":"2025-06-24T14:59:31.594Z"}
{"level":"info","message":"MongoDB connected successfully","timestamp":"2025-06-24T14:59:32.738Z"}
{"level":"info","message":"Server is running on port 3000","timestamp":"2025-06-24T14:59:58.701Z"}
{"level":"info","message":"MongoDB connected successfully","timestamp":"2025-06-24T14:59:59.880Z"}
{"level":"info","message":"Server is running on port 3000","timestamp":"2025-06-24T15:00:03.474Z"}
{"level":"info","message":"MongoDB connected successfully","timestamp":"2025-06-24T15:00:04.632Z"}
{"level":"info","message":"Server is running on port 3000","timestamp":"2025-06-24T15:02:54.018Z"}
{"level":"info","message":"MongoDB connected successfully","timestamp":"2025-06-24T15:02:55.231Z"}
{"level":"info","message":"Server is running on port 3000","timestamp":"2025-06-24T15:03:02.953Z"}
{"level":"info","message":"MongoDB connected successfully","timestamp":"2025-06-24T15:03:04.138Z"}
{"level":"info","message":"Server is running on port 3000","timestamp":"2025-06-24T15:07:24.848Z"}
{"level":"info","message":"MongoDB connected successfully","timestamp":"2025-06-24T15:07:26.294Z"}
{"level":"info","message":"Server is running on port 3000","timestamp":"2025-06-24T15:07:33.900Z"}
{"level":"info","message":"MongoDB connected successfully","timestamp":"2025-06-24T15:07:35.046Z"}
{"level":"info","message":"Server is running on port 3000","timestamp":"2025-06-24T15:08:03.439Z"}
{"level":"info","message":"MongoDB connected successfully","timestamp":"2025-06-24T15:08:04.611Z"}
{"level":"info","message":"Server is running on port 3000","timestamp":"2025-06-24T15:08:36.028Z"}
{"level":"info","message":"MongoDB connected successfully","timestamp":"2025-06-24T15:08:37.187Z"}
{"level":"info","message":"Server is running on port 3000","timestamp":"2025-06-24T15:15:44.725Z"}
{"level":"info","message":"MongoDB connected successfully","timestamp":"2025-06-24T15:15:46.296Z"}
{"level":"info","message":"Server is running on port 3000","timestamp":"2025-06-24T15:24:00.079Z"}
{"level":"info","message":"MongoDB connected successfully","timestamp":"2025-06-24T15:24:01.324Z"}
{"level":"info","message":"Server is running on port 3000","timestamp":"2025-06-24T15:31:38.964Z"}
{"level":"info","message":"MongoDB connected successfully","timestamp":"2025-06-24T15:31:40.277Z"}
{"level":"info","message":"Server is running on port 3000","timestamp":"2025-06-24T15:32:10.871Z"}
{"level":"info","message":"MongoDB connected successfully","timestamp":"2025-06-24T15:32:12.202Z"}
{"level":"info","message":"Server is running on port 3000","timestamp":"2025-06-24T15:35:10.840Z"}
{"level":"info","message":"MongoDB connected successfully","timestamp":"2025-06-24T15:35:12.065Z"}
{"level":"info","message":"Server is running on port 3000","timestamp":"2025-06-24T15:49:13.580Z"}
{"level":"info","message":"MongoDB connected successfully","timestamp":"2025-06-24T15:49:14.818Z"}
{"level":"info","message":"Server is running on port 3000","timestamp":"2025-06-24T15:53:38.229Z"}
{"level":"info","message":"MongoDB connected successfully","timestamp":"2025-06-24T15:53:39.470Z"}
{"level":"info","message":"Server is running on port 3000","timestamp":"2025-06-24T15:57:28.695Z"}
{"level":"info","message":"MongoDB connected successfully","timestamp":"2025-06-24T15:57:29.951Z"}
{"level":"info","message":"Server is running on port 3000","timestamp":"2025-06-24T15:57:38.012Z"}
{"level":"info","message":"MongoDB connected successfully","timestamp":"2025-06-24T15:57:39.186Z"}
{"level":"info","message":"POST /api/auth/signup 404 155 - 22.934 ms","timestamp":"2025-06-24T16:42:31.080Z"}
{"level":"info","message":"POST /api/auth/signup 404 155 - 1.219 ms","timestamp":"2025-06-24T16:43:05.049Z"}
{"level":"info","message":"POST //auth/signup 404 152 - 2.729 ms","timestamp":"2025-06-24T16:44:21.964Z"}
{"level":"info","message":"POST /auth/signup 201 932 - 3190.518 ms","timestamp":"2025-06-24T16:44:38.916Z"}
{"level":"info","message":"POST /auth/signup 201 932 - 1129.554 ms","timestamp":"2025-06-24T16:50:35.151Z"}
{"level":"error","message":"Error:","timestamp":"2025-06-24T16:50:55.622Z"}
{"level":"info","message":"POST /auth/signin 401 323 - 255.311 ms","timestamp":"2025-06-24T16:50:55.626Z"}
{"level":"error","message":"Error:","timestamp":"2025-06-24T16:51:11.909Z"}
{"level":"info","message":"POST /auth/signup 400 401 - 187.135 ms","timestamp":"2025-06-24T16:51:11.911Z"}
{"level":"error","message":"Error:","timestamp":"2025-06-24T16:51:19.838Z"}
{"level":"info","message":"POST /auth/signin 401 323 - 552.200 ms","timestamp":"2025-06-24T16:51:19.839Z"}
{"level":"info","message":"POST /auth/signup 201 928 - 792.331 ms","timestamp":"2025-06-24T16:53:02.743Z"}
{"level":"error","message":"Error:","timestamp":"2025-06-24T16:59:21.702Z"}
{"level":"info","message":"POST /auth/signup 400 401 - 128.770 ms","timestamp":"2025-06-24T16:59:21.712Z"}
{"level":"info","message":"POST /auth/signup 201 928 - 792.792 ms","timestamp":"2025-06-24T16:59:47.644Z"}
{"level":"error","message":"Error:","timestamp":"2025-06-24T17:03:05.807Z"}
{"level":"info","message":"POST /auth/signup 400 401 - 113.619 ms","timestamp":"2025-06-24T17:03:05.809Z"}
{"level":"info","message":"POST /auth/signup 201 932 - 783.080 ms","timestamp":"2025-06-24T17:03:38.966Z"}
{"level":"error","message":"Error:","timestamp":"2025-06-24T17:05:13.148Z"}
{"level":"info","message":"POST /auth/signin 401 323 - 225.167 ms","timestamp":"2025-06-24T17:05:13.149Z"}
{"level":"error","message":"Error:","timestamp":"2025-06-24T17:05:25.858Z"}
{"level":"info","message":"POST /auth/signin 401 323 - 224.301 ms","timestamp":"2025-06-24T17:05:25.858Z"}
{"level":"info","message":"Server is running on port 3000","timestamp":"2025-06-24T17:09:56.186Z"}
{"level":"info","message":"MongoDB connected successfully","timestamp":"2025-06-24T17:09:57.497Z"}
{"level":"error","message":"Error:","timestamp":"2025-06-24T17:10:02.605Z"}
{"level":"info","message":"POST /auth/signin 401 322 - 259.907 ms","timestamp":"2025-06-24T17:10:02.610Z"}
{"level":"info","message":"Server is running on port 3000","timestamp":"2025-06-24T17:17:43.177Z"}
{"level":"info","message":"MongoDB connected successfully","timestamp":"2025-06-24T17:17:44.407Z"}
{"level":"info","message":"POST /auth/signup 201 917 - 394.673 ms","timestamp":"2025-06-24T17:21:54.395Z"}
{"level":"info","message":"POST /auth/signup 201 932 - 331.884 ms","timestamp":"2025-06-24T17:22:09.876Z"}
{"level":"info","message":"POST /auth/signin 200 917 - 234.169 ms","timestamp":"2025-06-24T17:22:17.919Z"}
{"level":"info","message":"POST /auth/signin 200 917 - 237.402 ms","timestamp":"2025-06-24T17:23:39.775Z"}
{"level":"info","message":"POST /auth/refresh 404 152 - 1.995 ms","timestamp":"2025-06-24T17:23:53.933Z"}
{"level":"error","message":"Error:","timestamp":"2025-06-24T17:24:17.215Z"}
{"level":"info","message":"POST /auth/signup 400 1355 - 22.844 ms","timestamp":"2025-06-24T17:24:17.216Z"}
{"level":"error","message":"Error:","timestamp":"2025-06-24T17:24:34.980Z"}
{"level":"info","message":"POST /auth/signup 400 1355 - 3.088 ms","timestamp":"2025-06-24T17:24:34.981Z"}
{"level":"error","message":"Error:","timestamp":"2025-06-24T17:24:55.581Z"}
{"level":"info","message":"POST /auth/signup 400 1277 - 2.111 ms","timestamp":"2025-06-24T17:24:55.582Z"}
{"level":"info","message":"POST /auth/signup 201 943 - 339.992 ms","timestamp":"2025-06-24T17:25:03.532Z"}
{"level":"error","message":"Error:","timestamp":"2025-06-24T17:25:17.422Z"}
{"level":"info","message":"POST /auth/signup 400 401 - 109.341 ms","timestamp":"2025-06-24T17:25:17.430Z"}
{"level":"error","message":"Error:","timestamp":"2025-06-24T17:25:31.572Z"}
{"level":"info","message":"POST /auth/signin 401 323 - 223.001 ms","timestamp":"2025-06-24T17:25:31.574Z"}
{"level":"error","message":"Error:","timestamp":"2025-06-24T17:25:40.884Z"}
{"level":"info","message":"POST /auth/signin 401 399 - 111.079 ms","timestamp":"2025-06-24T17:25:40.886Z"}
{"level":"error","message":"Error:","timestamp":"2025-06-24T17:26:01.472Z"}
{"level":"info","message":"POST /auth/signup 500 1346 - 6.958 ms","timestamp":"2025-06-24T17:26:01.473Z"}
{"level":"error","message":"Error:","timestamp":"2025-06-24T17:26:25.825Z"}
{"level":"info","message":"POST /auth/signup 500 1346 - 3.423 ms","timestamp":"2025-06-24T17:26:25.826Z"}
{"level":"error","message":"Error:","timestamp":"2025-06-24T17:26:55.829Z"}
{"level":"info","message":"POST /auth/signup 500 1346 - 3.374 ms","timestamp":"2025-06-24T17:26:55.831Z"}
{"level":"error","message":"Error:","timestamp":"2025-06-24T17:27:38.347Z"}
{"level":"info","message":"POST /auth/signup 500 1346 - 3.932 ms","timestamp":"2025-06-24T17:27:38.349Z"}
{"level":"info","message":"Server is running on port 3000","timestamp":"2025-06-24T17:30:11.137Z"}
{"level":"error","message":"Error:","timestamp":"2025-06-24T17:30:11.521Z"}
{"level":"info","message":"POST /auth/signup 500 1346 - 19.373 ms","timestamp":"2025-06-24T17:30:11.524Z"}
{"level":"info","message":"MongoDB connected successfully","timestamp":"2025-06-24T17:30:12.377Z"}
{"level":"info","message":"Server is running on port 3000","timestamp":"2025-06-24T17:30:15.137Z"}
{"level":"info","message":"MongoDB connected successfully","timestamp":"2025-06-24T17:30:16.312Z"}
{"level":"info","message":"Server is running on port 3000","timestamp":"2025-06-24T17:32:45.845Z"}
{"level":"info","message":"MongoDB connected successfully","timestamp":"2025-06-24T17:32:47.093Z"}
{"level":"info","message":"DELETE /auth/delete/507f1f77bcf86cd799439011 404 178 - 2.890 ms","timestamp":"2025-06-24T17:33:16.424Z"}
{"level":"info","message":"Server is running on port 3000","timestamp":"2025-06-24T17:50:21.923Z"}
{"level":"info","message":"MongoDB connected successfully","timestamp":"2025-06-24T17:50:23.137Z"}
{"level":"info","message":"Server is running on port 3000","timestamp":"2025-06-24T17:51:51.709Z"}
{"level":"info","message":"MongoDB connected successfully","timestamp":"2025-06-24T17:51:52.947Z"}
{"level":"info","message":"Server is running on port 3000","timestamp":"2025-06-24T17:51:59.743Z"}
{"level":"info","message":"MongoDB connected successfully","timestamp":"2025-06-24T17:52:00.917Z"}
{"level":"info","message":"Server is running on port 3000","timestamp":"2025-06-24T17:54:04.015Z"}
{"level":"info","message":"MongoDB connected successfully","timestamp":"2025-06-24T17:54:05.273Z"}
{"level":"info","message":"Server is running on port 3000","timestamp":"2025-06-24T17:54:10.243Z"}
{"level":"info","message":"MongoDB connected successfully","timestamp":"2025-06-24T17:54:11.587Z"}
{"level":"info","message":"Server is running on port 3000","timestamp":"2025-06-24T17:56:27.764Z"}
{"level":"info","message":"MongoDB connected successfully","timestamp":"2025-06-24T17:56:28.966Z"}
{"level":"info","message":"Server is running on port 3000","timestamp":"2025-06-24T17:56:36.323Z"}
{"level":"info","message":"MongoDB connected successfully","timestamp":"2025-06-24T17:56:37.502Z"}
{"level":"info","message":"Server is running on port 3000","timestamp":"2025-06-24T17:57:13.110Z"}
{"level":"info","message":"MongoDB connected successfully","timestamp":"2025-06-24T17:57:14.255Z"}
{"level":"info","message":"Server is running on port 3000","timestamp":"2025-06-24T17:57:18.881Z"}
{"level":"info","message":"MongoDB connected successfully","timestamp":"2025-06-24T17:57:20.175Z"}
{"level":"info","message":"Server is running on port 3000","timestamp":"2025-06-24T17:58:31.701Z"}
{"level":"info","message":"MongoDB connected successfully","timestamp":"2025-06-24T17:58:32.892Z"}
{"level":"info","message":"Server is running on port 3000","timestamp":"2025-06-24T17:58:39.863Z"}
{"level":"info","message":"MongoDB connected successfully","timestamp":"2025-06-24T17:58:41.040Z"}
{"level":"info","message":"Server is running on port 3000","timestamp":"2025-06-24T18:01:24.141Z"}
{"level":"info","message":"MongoDB connected successfully","timestamp":"2025-06-24T18:01:25.487Z"}
{"level":"info","message":"Server is running on port 3000","timestamp":"2025-06-24T18:02:43.205Z"}
{"level":"info","message":"MongoDB connected successfully","timestamp":"2025-06-24T18:02:44.393Z"}
{"level":"info","message":"Server is running on port 3000","timestamp":"2025-06-24T18:03:58.375Z"}
{"level":"info","message":"MongoDB connected successfully","timestamp":"2025-06-24T18:03:59.550Z"}
{"level":"info","message":"Server is running on port 3000","timestamp":"2025-06-24T18:04:42.587Z"}
{"level":"info","message":"MongoDB connected successfully","timestamp":"2025-06-24T18:04:43.773Z"}
{"level":"info","message":"Server is running on port 3000","timestamp":"2025-06-24T18:10:16.012Z"}
{"level":"info","message":"MongoDB connected successfully","timestamp":"2025-06-24T18:10:17.219Z"}
{"level":"info","message":"Server is running on port 3000","timestamp":"2025-06-24T18:11:15.627Z"}
{"level":"info","message":"MongoDB connected successfully","timestamp":"2025-06-24T18:11:16.789Z"}
{"level":"info","message":"Server is running on port 3000","timestamp":"2025-06-24T18:12:05.580Z"}
{"level":"info","message":"MongoDB connected successfully","timestamp":"2025-06-24T18:12:06.788Z"}
{"level":"info","message":"Server is running on port 3000","timestamp":"2025-06-24T18:14:01.385Z"}
{"level":"info","message":"MongoDB connected successfully","timestamp":"2025-06-24T18:14:02.746Z"}
{"level":"info","message":"Server is running on port 3000","timestamp":"2025-06-24T18:14:10.499Z"}
{"level":"info","message":"MongoDB connected successfully","timestamp":"2025-06-24T18:14:13.324Z"}
{"level":"info","message":"Server is running on port 3000","timestamp":"2025-06-24T18:17:48.366Z"}
{"level":"info","message":"MongoDB connected successfully","timestamp":"2025-06-24T18:17:49.566Z"}
{"level":"info","message":"Server is running on port 3000","timestamp":"2025-06-24T18:39:12.759Z"}
{"level":"info","message":"MongoDB connected successfully","timestamp":"2025-06-24T18:39:13.987Z"}
{"level":"info","message":"Server is running on port 3000","timestamp":"2025-06-24T18:39:59.049Z"}
{"level":"info","message":"MongoDB connected successfully","timestamp":"2025-06-24T18:40:00.222Z"}
{"level":"info","message":"Server is running on port 3000","timestamp":"2025-06-24T18:40:05.629Z"}
{"level":"info","message":"MongoDB connected successfully","timestamp":"2025-06-24T18:40:06.857Z"}
{"level":"error","message":"Error:","timestamp":"2025-06-24T18:42:24.753Z"}
{"level":"info","message":"POST /admin/users 401 1239 - 35.173 ms","timestamp":"2025-06-24T18:42:24.771Z"}
{"level":"error","message":"Error:","timestamp":"2025-06-24T18:52:43.797Z"}
{"level":"info","message":"POST /admin/users 401 1239 - 8.676 ms","timestamp":"2025-06-24T18:52:43.804Z"}
{"level":"info","message":"POST /auth/signin 200 870 - 636.978 ms","timestamp":"2025-06-24T18:53:20.874Z"}
{"level":"info","message":"POST /admin/users 201 164 - 351.463 ms","timestamp":"2025-06-24T18:53:27.785Z"}
{"level":"info","message":"GET /admin/users 200 671 - 229.470 ms","timestamp":"2025-06-24T18:53:43.243Z"}
{"level":"error","message":"Error:","timestamp":"2025-06-24T18:54:07.206Z"}
{"level":"info","message":"PUT /admin/users/%7B%7BuserId%7D%7D 500 1585 - 132.052 ms","timestamp":"2025-06-24T18:54:07.213Z"}
{"level":"info","message":"PUT /admin/users/685af4270b23949cfedcc6bd 200 166 - 230.062 ms","timestamp":"2025-06-24T18:55:13.042Z"}
{"level":"info","message":"DELETE /admin/users/685adf6fd9c92807a2d80c91 200 45 - 219.687 ms","timestamp":"2025-06-24T18:55:58.371Z"}
{"level":"info","message":"DELETE /admin/users/685af4270b23949cfedcc6bd 200 45 - 213.870 ms","timestamp":"2025-06-24T18:56:30.416Z"}
{"level":"info","message":"PUT /admin/users/685adec1d9c92807a2d80c8c 200 169 - 220.965 ms","timestamp":"2025-06-24T18:58:08.990Z"}
{"level":"info","message":"Server is running on port 3000","timestamp":"2025-06-24T19:00:53.845Z"}
{"level":"info","message":"MongoDB connected successfully","timestamp":"2025-06-24T19:00:55.427Z"}
{"level":"info","message":"GET /admin/users 200 475 - 457.458 ms","timestamp":"2025-06-24T19:00:55.666Z"}
{"level":"info","message":"PUT /admin/users/685adec1d9c92807a2d80c8c 200 197 - 241.442 ms","timestamp":"2025-06-24T19:01:05.858Z"}
{"level":"info","message":"Server is running on port 3000","timestamp":"2025-06-24T19:02:04.317Z"}
{"level":"info","message":"MongoDB connected successfully","timestamp":"2025-06-24T19:02:05.566Z"}
{"level":"info","message":"Server is running on port 3000","timestamp":"2025-06-24T19:09:22.060Z"}
{"level":"info","message":"MongoDB connected successfully","timestamp":"2025-06-24T19:09:23.328Z"}
{"level":"info","message":"Server is running on port 3000","timestamp":"2025-06-24T19:10:21.931Z"}
{"level":"info","message":"MongoDB connected successfully","timestamp":"2025-06-24T19:10:23.112Z"}
{"level":"info","message":"Server is running on port 3000","timestamp":"2025-06-24T19:17:03.000Z"}
{"level":"info","message":"MongoDB connected successfully","timestamp":"2025-06-24T19:17:04.263Z"}
{"level":"info","message":"Server is running on port 3000","timestamp":"2025-06-24T19:17:58.262Z"}
{"level":"info","message":"MongoDB connected successfully","timestamp":"2025-06-24T19:17:59.472Z"}
{"level":"info","message":"Server is running on port 3000","timestamp":"2025-06-24T19:18:28.026Z"}
{"level":"info","message":"MongoDB connected successfully","timestamp":"2025-06-24T19:18:29.256Z"}
{"level":"info","message":"Server is running on port 3000","timestamp":"2025-06-24T19:19:53.429Z"}
{"level":"info","message":"MongoDB connected successfully","timestamp":"2025-06-24T19:19:54.666Z"}
{"level":"info","message":"Server is running on port 3000","timestamp":"2025-06-24T19:20:20.512Z"}
{"level":"info","message":"MongoDB connected successfully","timestamp":"2025-06-24T19:20:21.680Z"}
{"level":"info","message":"Server is running on port 3000","timestamp":"2025-06-24T19:21:50.834Z"}
{"level":"info","message":"MongoDB connected successfully","timestamp":"2025-06-24T19:21:52.029Z"}
{"level":"info","message":"Server is running on port 3000","timestamp":"2025-06-24T19:26:56.601Z"}
{"level":"info","message":"MongoDB connected successfully","timestamp":"2025-06-24T19:26:57.819Z"}
{"level":"info","message":"Server is running on port 3000","timestamp":"2025-06-24T19:27:17.189Z"}
{"level":"info","message":"MongoDB connected successfully","timestamp":"2025-06-24T19:27:18.399Z"}
{"level":"info","message":"Server is running on port 3000","timestamp":"2025-06-24T19:28:06.957Z"}
{"level":"info","message":"MongoDB connected successfully","timestamp":"2025-06-24T19:28:08.143Z"}
{"level":"info","message":"Server is running on port 3000","timestamp":"2025-06-24T19:28:38.209Z"}
{"level":"info","message":"MongoDB connected successfully","timestamp":"2025-06-24T19:28:39.391Z"}
{"level":"info","message":"Server is running on port 3000","timestamp":"2025-06-24T19:29:07.233Z"}
{"level":"info","message":"MongoDB connected successfully","timestamp":"2025-06-24T19:29:08.400Z"}
{"level":"info","message":"Server is running on port 3000","timestamp":"2025-06-24T19:30:27.116Z"}
{"level":"info","message":"MongoDB connected successfully","timestamp":"2025-06-24T19:30:28.397Z"}
{"level":"info","message":"Server is running on port 3000","timestamp":"2025-06-24T19:31:58.531Z"}
{"level":"info","message":"MongoDB connected successfully","timestamp":"2025-06-24T19:31:59.769Z"}
{"level":"info","message":"Server is running on port 3000","timestamp":"2025-06-24T19:33:28.052Z"}
{"level":"info","message":"MongoDB connected successfully","timestamp":"2025-06-24T19:33:29.322Z"}
{"level":"info","message":"Server is running on port 3000","timestamp":"2025-06-24T19:34:06.760Z"}
{"level":"info","message":"MongoDB connected successfully","timestamp":"2025-06-24T19:34:07.945Z"}
{"level":"info","message":"Server is running on port 3000","timestamp":"2025-06-24T20:02:43.522Z"}
{"level":"info","message":"MongoDB connected successfully","timestamp":"2025-06-24T20:02:44.826Z"}
{"level":"info","message":"Server is running on port 3000","timestamp":"2025-06-24T20:09:43.804Z"}
{"level":"info","message":"MongoDB connected successfully","timestamp":"2025-06-24T20:09:45.018Z"}
{"level":"info","message":"Server is running on port 3000","timestamp":"2025-06-24T20:11:28.112Z"}
{"level":"info","message":"MongoDB connected successfully","timestamp":"2025-06-24T20:11:29.491Z"}
{"level":"info","message":"Server is running on port 3000","timestamp":"2025-06-24T20:11:38.771Z"}
{"level":"info","message":"MongoDB connected successfully","timestamp":"2025-06-24T20:11:39.939Z"}
{"level":"info","message":"Server is running on port 3000","timestamp":"2025-06-24T20:11:46.530Z"}
{"level":"info","message":"MongoDB connected successfully","timestamp":"2025-06-24T20:11:47.706Z"}
{"level":"info","message":"Server is running on port 3000","timestamp":"2025-06-24T20:11:53.699Z"}
{"level":"info","message":"MongoDB connected successfully","timestamp":"2025-06-24T20:11:54.838Z"}
{"level":"info","message":"Server is running on port 3000","timestamp":"2025-06-24T20:11:58.261Z"}
{"level":"info","message":"MongoDB connected successfully","timestamp":"2025-06-24T20:11:59.446Z"}
